<?xml version="1.0" encoding="UTF-8"?>
<testsuite xmlns:xsi="http://www.w3.org/2001/XMLSchema-instance" xsi:noNamespaceSchemaLocation="https://maven.apache.org/surefire/maven-surefire-plugin/xsd/surefire-test-report.xsd" name="org.example.CalcTest" time="0.016" tests="2" errors="0" skipped="0" failures="1">
  <properties>
    <property name="java.specification.version" value="15"/>
    <property name="sun.cpu.isalist" value="amd64"/>
    <property name="sun.jnu.encoding" value="GBK"/>
    <property name="java.class.path" value="D:\practice-code\159251\tutorial4\tutorial4\target\test-classes;D:\practice-code\159251\tutorial4\tutorial4\target\classes;d:\Maven\localRepository\org\junit\jupiter\junit-jupiter-engine\5.4.0\junit-jupiter-engine-5.4.0.jar;d:\Maven\localRepository\org\apiguardian\apiguardian-api\1.0.0\apiguardian-api-1.0.0.jar;d:\Maven\localRepository\org\junit\platform\junit-platform-engine\1.4.0\junit-platform-engine-1.4.0.jar;d:\Maven\localRepository\org\opentest4j\opentest4j\1.1.1\opentest4j-1.1.1.jar;d:\Maven\localRepository\org\junit\platform\junit-platform-commons\1.4.0\junit-platform-commons-1.4.0.jar;d:\Maven\localRepository\org\junit\jupiter\junit-jupiter-api\5.4.0\junit-jupiter-api-5.4.0.jar;d:\Maven\localRepository\org\junit\jupiter\junit-jupiter\5.9.1\junit-jupiter-5.9.1.jar;d:\Maven\localRepository\org\junit\jupiter\junit-jupiter-params\5.9.1\junit-jupiter-params-5.9.1.jar;"/>
    <property name="java.vm.vendor" value="Oracle Corporation"/>
    <property name="sun.arch.data.model" value="64"/>
    <property name="user.variant" value=""/>
    <property name="java.vendor.url" value="https://java.oracle.com/"/>
    <property name="user.timezone" value="Asia/Shanghai"/>
    <property name="os.name" value="Windows 10"/>
    <property name="java.vm.specification.version" value="15"/>
    <property name="sun.java.launcher" value="SUN_STANDARD"/>
    <property name="user.country" value="CN"/>
    <property name="sun.boot.library.path" value="E:\openjdk-15.0.1_windows-x64_bin\jdk-15.0.1\bin"/>
    <property name="sun.java.command" value="C:\Users\86138\AppData\Local\Temp\surefire14204039293618733538\surefirebooter17027159135139421175.jar C:\Users\86138\AppData\Local\Temp\surefire14204039293618733538 2022-10-07T11-31-24_990-jvmRun1 surefire13591164952558658059tmp surefire_09845837179637255501tmp"/>
    <property name="jdk.debug" value="release"/>
    <property name="surefire.test.class.path" value="D:\practice-code\159251\tutorial4\tutorial4\target\test-classes;D:\practice-code\159251\tutorial4\tutorial4\target\classes;d:\Maven\localRepository\org\junit\jupiter\junit-jupiter-engine\5.4.0\junit-jupiter-engine-5.4.0.jar;d:\Maven\localRepository\org\apiguardian\apiguardian-api\1.0.0\apiguardian-api-1.0.0.jar;d:\Maven\localRepository\org\junit\platform\junit-platform-engine\1.4.0\junit-platform-engine-1.4.0.jar;d:\Maven\localRepository\org\opentest4j\opentest4j\1.1.1\opentest4j-1.1.1.jar;d:\Maven\localRepository\org\junit\platform\junit-platform-commons\1.4.0\junit-platform-commons-1.4.0.jar;d:\Maven\localRepository\org\junit\jupiter\junit-jupiter-api\5.4.0\junit-jupiter-api-5.4.0.jar;d:\Maven\localRepository\org\junit\jupiter\junit-jupiter\5.9.1\junit-jupiter-5.9.1.jar;d:\Maven\localRepository\org\junit\jupiter\junit-jupiter-params\5.9.1\junit-jupiter-params-5.9.1.jar;"/>
    <property name="sun.cpu.endian" value="little"/>
    <property name="user.home" value="C:\Users\86138"/>
    <property name="user.language" value="zh"/>
    <property name="java.specification.vendor" value="Oracle Corporation"/>
    <property name="java.version.date" value="2020-10-20"/>
    <property name="java.home" value="E:\openjdk-15.0.1_windows-x64_bin\jdk-15.0.1"/>
    <property name="file.separator" value="\"/>
    <property name="basedir" value="D:\practice-code\159251\tutorial4\tutorial4"/>
    <property name="java.vm.compressedOopsMode" value="32-bit"/>
    <property name="line.separator" value="&#10;"/>
    <property name="java.vm.specification.vendor" value="Oracle Corporation"/>
    <property name="java.specification.name" value="Java Platform API Specification"/>
    <property name="surefire.real.class.path" value="C:\Users\86138\AppData\Local\Temp\surefire14204039293618733538\surefirebooter17027159135139421175.jar"/>
    <property name="user.script" value=""/>
    <property name="sun.management.compiler" value="HotSpot 64-Bit Tiered Compilers"/>
    <property name="java.runtime.version" value="15.0.1+9-18"/>
    <property name="user.name" value="86138"/>
    <property name="path.separator" value=";"/>
    <property name="os.version" value="10.0"/>
    <property name="java.runtime.name" value="OpenJDK Runtime Environment"/>
    <property name="file.encoding" value="GBK"/>
    <property name="java.vm.name" value="OpenJDK 64-Bit Server VM"/>
    <property name="localRepository" value="d:\Maven\localRepository"/>
    <property name="java.vendor.url.bug" value="https://bugreport.java.com/bugreport/"/>
    <property name="java.io.tmpdir" value="C:\Users\86138\AppData\Local\Temp\"/>
    <property name="java.version" value="15.0.1"/>
    <property name="user.dir" value="D:\practice-code\159251\tutorial4\tutorial4"/>
    <property name="os.arch" value="amd64"/>
    <property name="java.vm.specification.name" value="Java Virtual Machine Specification"/>
    <property name="sun.os.patch.level" value=""/>
    <property name="java.library.path" value="E:\openjdk-15.0.1_windows-x64_bin\jdk-15.0.1\bin;C:\WINDOWS\Sun\Java\bin;C:\WINDOWS\system32;C:\WINDOWS;C:\Program Files (x86)\Common Files\Oracle\Java\javapath;D:\VMare16\bin\;C:\Windows\system32;C:\Windows;C:\Windows\System32\Wbem;C:\Windows\System32\WindowsPowerShell\v1.0\;C:\Windows\System32\OpenSSH\;C:\Program Files (x86)\NVIDIA Corporation\PhysX\Common;C:\Program Files\NVIDIA Corporation\NVIDIA NvDLISR;C:\WINDOWS\system32;C:\WINDOWS;C:\WINDOWS\System32\Wbem;C:\WINDOWS\System32\WindowsPowerShell\v1.0\;C:\WINDOWS\System32\OpenSSH\;E:\mysql-8.0.22-winx64\bin;%MAVEN_HOME%\bin;E:\openjdk-15.0.1_windows-x64_bin\jdk-15.0.1\bin;D:\coding-app\mingw64\bin;D:\MATLAB\runtime\win64;D:\MATLAB\bin;C:\texlive\2021\bin\win32;E:\Git\Git\cmd;C:\Users\86138\AppData\Local\Microsoft\WindowsApps;E:\openjdk-15.0.1_windows-x64_bin\jdk-15.0.1\bin;E:\IntelliJ IDEA 2020.3\bin;C:\Users\86138\AppData\Local\atom\bin;C:\Users\86138\AppData\Local\Microsoft\WindowsApps;C:\texlive\2021\bin\win32;E:\Maven\apache-maven-3.8.6\bin;;."/>
    <property name="java.vm.info" value="mixed mode, sharing"/>
    <property name="java.vendor" value="Oracle Corporation"/>
    <property name="java.vm.version" value="15.0.1+9-18"/>
    <property name="sun.io.unicode.encoding" value="UnicodeLittle"/>
    <property name="java.class.version" value="59.0"/>
  </properties>
  <testcase name="testSubtract" classname="org.example.CalcTest" time="0.013">
    <failure message="expected: &lt;2&gt; but was: &lt;6&gt;" type="org.opentest4j.AssertionFailedError"><![CDATA[org.opentest4j.AssertionFailedError: expected: <2> but was: <6>
	at org.example.CalcTest.testSubtract(CalcTest.java:10)
]]></failure>
  </testcase>
  <testcase name="testAddition" classname="org.example.CalcTest" time="0.001"/>
</testsuite>